-------------------------------------------------------------------------------
Test set: cucumberOptions.TestRunner
-------------------------------------------------------------------------------
Tests run: 5, Failures: 1, Errors: 0, Skipped: 0, Time elapsed: 11.626 s <<< FAILURE! - in cucumberOptions.TestRunner
runScenario(cucumberOptions.TestRunner)  Time elapsed: 1.517 s  <<< FAILURE!
java.lang.AssertionError: expected [200] but found [404]

