<?xml version="1.0" encoding="UTF-8"?>
<testsuite xmlns:xsi="http://www.w3.org/2001/XMLSchema-instance" xsi:noNamespaceSchemaLocation="https://maven.apache.org/surefire/maven-surefire-plugin/xsd/surefire-test-report.xsd" name="cucumberOptions.TestRunner" time="11.626" tests="5" errors="0" skipped="0" failures="1">
  <properties>
[...]
</properties>
  <testcase name="runScenario" classname="cucumberOptions.TestRunner" time="2.512"/>
  <testcase name="runScenario" classname="cucumberOptions.TestRunner" time="1.763"/>
  <testcase name="runScenario" classname="cucumberOptions.TestRunner" time="1.825"/>
  <testcase name="runScenario" classname="cucumberOptions.TestRunner" time="3.311"/>
  <testcase name="runScenario" classname="cucumberOptions.TestRunner" time="1.517">
    <failure message="expected [200] but found [404]" type="java.lang.AssertionError">java.lang.AssertionError: expected [200] but found [404]
</failure>
    <system-out><![CDATA[
@PETTSK
Scenario Outline: Delete Pet                # src/test/java/features/Pets.feature:25
Request URI:	https://petstore.swagger.io/v2/pet/1
  When i delete this pet "1"                # steps.Pet.iDeleteThisPet(java.lang.String)
Request URI:	https://petstore.swagger.io/v2/pet/1
  Then i should be deleted successfully "1" # steps.Pet.iShouldBeDeletedSuccessfully(java.lang.String)
      java.lang.AssertionError: expected [200] but found [404]
	at org.testng.Assert.fail(Assert.java:99)
	at org.testng.Assert.failNotEquals(Assert.java:1037)
	at org.testng.Assert.assertEqualsImpl(Assert.java:140)
	at org.testng.Assert.assertEquals(Assert.java:122)
	at org.testng.Assert.assertEquals(Assert.java:907)
	at org.testng.Assert.assertEquals(Assert.java:917)
	at steps.Pet.iShouldBeDeletedSuccessfully(Pet.java:70)
	at ✽.i should be deleted successfully "1"(file:///Users/salemk/Downloads/APIs_BDD_Test-master/src/test/java/features/Pets.feature:22)

]]></system-out>
  </testcase>
</testsuite>